2023-10-01T18:53:29.123350+03:00 0 [Note] [MY-011825] [Xtrabackup] recognized server arguments: --innodb_checksum_algorithm=crc32 --innodb_log_checksums=1 --innodb_data_file_path=ibdata1:12M:autoextend --innodb_log_files_in_group=2 --innodb_log_file_size=50331648 --innodb_page_size=16384 --innodb_undo_directory=./ --innodb_undo_tablespaces=2 --server-id=0 --innodb_log_checksums=ON --innodb_redo_log_encrypt=0 --innodb_undo_log_encrypt=0
2023-10-01T18:53:29.123543+03:00 0 [Note] [MY-011825] [Xtrabackup] recognized client arguments: --prepare=1 --target-dir=recovery/
xtrabackup version 8.0.34-29 based on MySQL server 8.0.34 Linux (x86_64) (revision id: 5ba706ee)
2023-10-01T18:53:29.123581+03:00 0 [Note] [MY-011825] [Xtrabackup] cd to /home/xymis/otus/DBMS/Homeworks /Homework XVII/recovery/
2023-10-01T18:53:29.123624+03:00 0 [Note] [MY-011825] [Xtrabackup] This target seems to be not prepared yet.
2023-10-01T18:53:29.138565+03:00 0 [Note] [MY-011825] [Xtrabackup] xtrabackup_logfile detected: size=8388608, start_lsn=(19364924)
2023-10-01T18:53:29.139486+03:00 0 [Note] [MY-011825] [Xtrabackup] using the following InnoDB configuration for recovery:
2023-10-01T18:53:29.139521+03:00 0 [Note] [MY-011825] [Xtrabackup] innodb_data_home_dir = .
2023-10-01T18:53:29.139532+03:00 0 [Note] [MY-011825] [Xtrabackup] innodb_data_file_path = ibdata1:12M:autoextend
2023-10-01T18:53:29.140410+03:00 0 [Note] [MY-011825] [Xtrabackup] innodb_log_group_home_dir = .
2023-10-01T18:53:29.140448+03:00 0 [Note] [MY-011825] [Xtrabackup] innodb_log_files_in_group = 1
2023-10-01T18:53:29.140466+03:00 0 [Note] [MY-011825] [Xtrabackup] innodb_log_file_size = 8388608
2023-10-01T18:53:29.141277+03:00 0 [Note] [MY-011825] [Xtrabackup] inititialize_service_handles suceeded
2023-10-01T18:53:29.141667+03:00 0 [Note] [MY-011825] [Xtrabackup] using the following InnoDB configuration for recovery:
2023-10-01T18:53:29.141723+03:00 0 [Note] [MY-011825] [Xtrabackup] innodb_data_home_dir = .
2023-10-01T18:53:29.141730+03:00 0 [Note] [MY-011825] [Xtrabackup] innodb_data_file_path = ibdata1:12M:autoextend
2023-10-01T18:53:29.141742+03:00 0 [Note] [MY-011825] [Xtrabackup] innodb_log_group_home_dir = .
2023-10-01T18:53:29.141751+03:00 0 [Note] [MY-011825] [Xtrabackup] innodb_log_files_in_group = 1
2023-10-01T18:53:29.141759+03:00 0 [Note] [MY-011825] [Xtrabackup] innodb_log_file_size = 8388608
2023-10-01T18:53:29.141775+03:00 0 [Note] [MY-011825] [Xtrabackup] Starting InnoDB instance for recovery.
2023-10-01T18:53:29.141787+03:00 0 [Note] [MY-011825] [Xtrabackup] Using 104857600 bytes for buffer pool (set by --use-memory parameter)
2023-10-01T18:53:29.141834+03:00 0 [Note] [MY-012932] [InnoDB] PUNCH HOLE support available
2023-10-01T18:53:29.141860+03:00 0 [Note] [MY-012944] [InnoDB] Uses event mutexes
2023-10-01T18:53:29.141869+03:00 0 [Note] [MY-012945] [InnoDB] GCC builtin __atomic_thread_fence() is used for memory barrier
2023-10-01T18:53:29.141877+03:00 0 [Note] [MY-012948] [InnoDB] Compressed tables use zlib 1.3
2023-10-01T18:53:29.142779+03:00 0 [Note] [MY-012951] [InnoDB] Using hardware accelerated crc32 and polynomial multiplication.
2023-10-01T18:53:29.143507+03:00 0 [Note] [MY-012203] [InnoDB] Directories to scan './'
2023-10-01T18:53:29.143584+03:00 0 [Note] [MY-012204] [InnoDB] Scanning './'
2023-10-01T18:53:29.145066+03:00 0 [Note] [MY-012208] [InnoDB] Completed space ID check of 7 files.
2023-10-01T18:53:29.146467+03:00 0 [Note] [MY-012955] [InnoDB] Initializing buffer pool, total size = 128.000000M, instances = 1, chunk size =128.000000M
2023-10-01T18:53:29.156261+03:00 0 [Note] [MY-012957] [InnoDB] Completed initialization of buffer pool
2023-10-01T18:53:29.160577+03:00 0 [Note] [MY-011952] [InnoDB] If the mysqld execution user is authorized, page cleaner thread priority can be changed. See the man page of setpriority().
2023-10-01T18:53:29.219459+03:00 0 [Note] [MY-013883] [InnoDB] The latest found checkpoint is at lsn = 19364924 in redo log file ./#innodb_redo/#ib_redo0.
2023-10-01T18:53:29.219513+03:00 0 [Note] [MY-012560] [InnoDB] The log sequence number 19237279 in the system tablespace does not match the log sequence number 19364924 in the redo log files!
2023-10-01T18:53:29.219533+03:00 0 [Note] [MY-012551] [InnoDB] Database was not shutdown normally!
2023-10-01T18:53:29.219553+03:00 0 [Note] [MY-012552] [InnoDB] Starting crash recovery.
2023-10-01T18:53:29.219712+03:00 0 [Note] [MY-013086] [InnoDB] Starting to parse redo log at lsn = 19364884, whereas checkpoint_lsn = 19364924 and start_lsn = 19364864
2023-10-01T18:53:29.219743+03:00 0 [Note] [MY-012550] [InnoDB] Doing recovery: scanned up to log sequence number 19364924
2023-10-01T18:53:29.261916+03:00 0 [Note] [MY-013083] [InnoDB] Log background threads are being started...
2023-10-01T18:53:29.263009+03:00 0 [Note] [MY-012532] [InnoDB] Applying a batch of 0 redo log records ...
2023-10-01T18:53:29.263061+03:00 0 [Note] [MY-012535] [InnoDB] Apply batch completed!
2023-10-01T18:53:29.363372+03:00 0 [Note] [MY-013084] [InnoDB] Log background threads are being closed...
2023-10-01T18:53:29.364990+03:00 0 [Note] [MY-013888] [InnoDB] Upgrading redo log: 1032M, LSN=19364924.
2023-10-01T18:53:29.365042+03:00 0 [Note] [MY-012968] [InnoDB] Starting to delete and rewrite redo log files.
2023-10-01T18:53:29.365184+03:00 0 [Note] [MY-011825] [InnoDB] Removing redo log file: ./#innodb_redo/#ib_redo0
2023-10-01T18:53:29.439856+03:00 0 [Note] [MY-011825] [InnoDB] Creating redo log file at ./#innodb_redo/#ib_redo0_tmp with file_id 0 with size 33554432 bytes
2023-10-01T18:53:29.450670+03:00 0 [Note] [MY-011825] [InnoDB] Renaming redo log file from ./#innodb_redo/#ib_redo0_tmp to ./#innodb_redo/#ib_redo0
2023-10-01T18:53:29.460350+03:00 0 [Note] [MY-012893] [InnoDB] New redo log files created, LSN=19365388
2023-10-01T18:53:29.460524+03:00 0 [Note] [MY-013083] [InnoDB] Log background threads are being started...
2023-10-01T18:53:29.461740+03:00 0 [Note] [MY-013252] [InnoDB] Using undo tablespace './undo_001'.
2023-10-01T18:53:29.462599+03:00 0 [Note] [MY-013252] [InnoDB] Using undo tablespace './undo_002'.
2023-10-01T18:53:29.464836+03:00 0 [Note] [MY-012910] [InnoDB] Opened 2 existing undo tablespaces.
2023-10-01T18:53:29.465022+03:00 0 [Note] [MY-011980] [InnoDB] GTID recovery trx_no: 3423
2023-10-01T18:53:29.474993+03:00 0 [Note] [MY-013776] [InnoDB] Parallel initialization of rseg complete
2023-10-01T18:53:29.475085+03:00 0 [Note] [MY-013777] [InnoDB] Time taken to initialize rseg using 4 thread: 10076 ms.
2023-10-01T18:53:29.475272+03:00 0 [Note] [MY-012923] [InnoDB] Creating shared tablespace for temporary tables
2023-10-01T18:53:29.475432+03:00 0 [Note] [MY-012265] [InnoDB] Setting file './ibtmp1' size to 12 MB. Physically writing the file full; Please wait ...
2023-10-01T18:53:29.562385+03:00 0 [Note] [MY-012266] [InnoDB] File './ibtmp1' size is now 12 MB.
2023-10-01T18:53:29.563164+03:00 0 [Note] [MY-013627] [InnoDB] Scanning temp tablespace dir:'./#innodb_temp/'
2023-10-01T18:53:29.642243+03:00 0 [Note] [MY-013018] [InnoDB] Created 128 and tracked 128 new rollback segment(s) in the temporary tablespace. 128 are now active.
2023-10-01T18:53:29.642862+03:00 0 [Note] [MY-012976] [InnoDB] 8.0.34 started; log sequence number 19365398
2023-10-01T18:53:29.644622+03:00 0 [Warning] [MY-012091] [InnoDB] Allocated tablespace ID 1 for sys/sys_config, old maximum was 0
2023-10-01T18:53:29.646595+03:00 0 [Note] [MY-011825] [Xtrabackup] Completed loading of 5 tablespaces into cache in 0.00360727 seconds
2023-10-01T18:53:29.689056+03:00 0 [Note] [MY-011825] [Xtrabackup] Time taken to build dictionary: 0.0423654 seconds
2023-10-01T18:53:29.689656+03:00 0 [Note] [MY-011825] [Xtrabackup] starting shutdown with innodb_fast_shutdown = 1
2023-10-01T18:53:29.689735+03:00 0 [Note] [MY-012330] [InnoDB] FTS optimize thread exiting.
2023-10-01T18:53:30.689900+03:00 0 [Note] [MY-013072] [InnoDB] Starting shutdown...
2023-10-01T18:53:30.712502+03:00 0 [Note] [MY-013084] [InnoDB] Log background threads are being closed...
2023-10-01T18:53:30.752557+03:00 0 [Note] [MY-012980] [InnoDB] Shutdown completed; log sequence number 19365398
2023-10-01T18:53:30.759226+03:00 0 [Note] [MY-011825] [Xtrabackup] completed OK!